<?xml version="1.0" encoding="UTF-8"?>
<testng-results ignored="0" total="1" passed="1" failed="0" skipped="0">
  <reporter-output>
  </reporter-output>
  <suite started-at="2021-12-27T22:13:03 EET" name="Default suite" finished-at="2021-12-27T22:13:30 EET" duration-ms="26732">
    <groups>
    </groups>
    <test started-at="2021-12-27T22:13:03 EET" name="Default test" finished-at="2021-12-27T22:13:30 EET" duration-ms="26732">
      <class name="Tests.GoogleSearchTestCases">
        <test-method is-config="true" signature="intitiateTestCases()[pri:0, instance:Tests.GoogleSearchTestCases@384ad17b]" started-at="2021-12-27T22:13:03 EET" name="intitiateTestCases" finished-at="2021-12-27T22:13:10 EET" duration-ms="7232" status="PASS">
          <reporter-output>
          </reporter-output>
        </test-method> <!-- intitiateTestCases -->
        <test-method signature="googleSearchTest_01()[pri:0, instance:Tests.GoogleSearchTestCases@384ad17b]" started-at="2021-12-27T22:13:10 EET" name="googleSearchTest_01" finished-at="2021-12-27T22:13:30 EET" duration-ms="19470" status="PASS">
          <reporter-output>
          </reporter-output>
        </test-method> <!-- googleSearchTest_01 -->
        <test-method is-config="true" signature="finalizeTest()[pri:0, instance:Tests.GoogleSearchTestCases@384ad17b]" started-at="2021-12-27T22:13:30 EET" name="finalizeTest" finished-at="2021-12-27T22:13:31 EET" duration-ms="630" status="PASS">
          <reporter-output>
          </reporter-output>
        </test-method> <!-- finalizeTest -->
      </class> <!-- Tests.GoogleSearchTestCases -->
    </test> <!-- Default test -->
  </suite> <!-- Default suite -->
</testng-results>
